TN:
SF:db.js
FN:4,(anonymous_0)
FNF:1
FNH:1
FNDA:1,(anonymous_0)
DA:1,1
DA:2,1
DA:4,1
DA:5,1
DA:6,1
DA:7,1
DA:9,0
DA:10,0
DA:14,1
LF:9
LH:7
BRF:0
BRH:0
end_of_record
TN:
SF:index.js
FN:16,(anonymous_0)
FN:24,(anonymous_1)
FNF:2
FNH:1
FNDA:0,(anonymous_0)
FNDA:1,(anonymous_1)
DA:1,1
DA:2,1
DA:3,1
DA:4,1
DA:6,1
DA:7,1
DA:10,1
DA:13,1
DA:16,1
DA:17,0
DA:21,1
DA:24,1
DA:25,1
DA:28,1
LF:14
LH:13
BRDA:7,0,0,1
BRDA:7,0,1,0
BRF:2
BRH:1
end_of_record
TN:
SF:controllers\itemController.js
FN:4,(anonymous_0)
FN:14,(anonymous_1)
FN:25,(anonymous_2)
FN:40,(anonymous_3)
FNF:4
FNH:4
FNDA:1,(anonymous_0)
FNDA:3,(anonymous_1)
FNDA:1,(anonymous_2)
FNDA:1,(anonymous_3)
DA:1,2
DA:4,2
DA:5,1
DA:6,1
DA:7,1
DA:9,0
DA:14,2
DA:15,3
DA:16,3
DA:17,3
DA:18,2
DA:20,1
DA:25,2
DA:26,1
DA:27,1
DA:32,1
DA:33,1
DA:35,0
DA:40,2
DA:41,1
DA:42,1
DA:43,1
DA:44,1
DA:46,0
DA:50,2
LF:25
LH:22
BRDA:32,0,0,0
BRDA:32,0,1,1
BRDA:43,1,0,0
BRDA:43,1,1,1
BRF:4
BRH:2
end_of_record
TN:
SF:models\Item.js
FNF:0
FNH:0
DA:1,2
DA:3,2
DA:13,2
DA:15,2
LF:4
LH:4
BRF:0
BRH:0
end_of_record
TN:
SF:routes\itemRoutes.js
FNF:0
FNH:0
DA:1,1
DA:2,1
DA:8,1
DA:10,1
DA:11,1
DA:12,1
DA:13,1
DA:15,1
LF:8
LH:8
BRF:0
BRH:0
end_of_record
